[04/05/2017 23:15] Remiccino(293041932542672896) deleted 50 messages in channel general
[05/05/2017 02:36] Remiccino(293041932542672896) deleted 10 messages in channel general
[05/05/2017 03:43] Remiccino(293041932542672896) deleted 20 messages in channel general
[06/05/2017 02:04] Remiccino(293041932542672896) deleted 7 messages in channel music_request
[06/05/2017 02:07] Remiccino(293041932542672896) deleted 5 messages in channel music_request
[06/05/2017 02:08] Remiccino(293041932542672896) deleted 6 messages in channel music_request
[06/05/2017 02:09] Remiccino(293041932542672896) deleted 4 messages in channel bot-spam
[06/05/2017 02:37] Remiccino(293041932542672896) deleted 2 messages in channel music_request
[06/05/2017 08:36] Remiccino(293041932542672896) deleted 160 messages in channel music_request
[06/05/2017 22:24] Remiccino(293041932542672896) deleted 7 messages in channel bot-test-room
[06/05/2017 22:30] Remiccino(293041932542672896) deleted 10 messages in channel bot-test-room
[06/05/2017 22:30] Remiccino(293041932542672896) deleted 6 messages in channel bot-test-room
[06/05/2017 22:30] Remiccino(293041932542672896) deleted 4 messages in channel bot-test-room
[06/05/2017 22:31] Remiccino(293041932542672896) deleted 2 messages in channel bot-test-room
[06/05/2017 22:41] Remiccino(293041932542672896) deleted 2 messages in channel music_request
[06/05/2017 22:55] Remiccino(293041932542672896) deleted 3 messages in channel bot-spam
[06/05/2017 23:12] Remiccino(293041932542672896) deleted 2 messages in channel bot-test-room
[06/05/2017 23:20] Remiccino(293041932542672896) deleted 20 messages in channel general
[07/05/2017 00:05] Remiccino(293041932542672896) deleted 1 messages in channel general
[07/05/2017 00:23] Remiccino(293041932542672896) deleted 26 messages  made by Diva-Bot(309622066666274818) in channel general
[07/05/2017 04:28] Remiccino(293041932542672896) deleted 2 messages in channel diva-bot
[07/05/2017 20:19] Remiccino(293041932542672896) deleted 4 messages in channel diva-bot
[08/05/2017 16:47] Remiccino(293041932542672896) deleted 5 messages in channel general
[08/05/2017 17:05] Remiccino(293041932542672896) deleted 4 messages in channel general
[20/05/2017 06:09] Remiccino(293041932542672896) deleted 105 messages in channel general
[21/05/2017 12:25] Remiccino(293041932542672896) deleted 29 messages in channel music_request
[21/05/2017 13:33] Remiccino(293041932542672896) deleted 2 messages in channel general
[21/05/2017 14:03] Remiccino(293041932542672896) deleted 2 messages in channel general
[29/05/2017 15:46] Remiccino(293041932542672896) deleted 3 messages in channel ub3r-bot_log
[17/11/2017 00:01] Remiccino(293041932542672896) deleted 3 messages in channel test-bot
[17/11/2017 00:07] Remiccino(293041932542672896) deleted 2 messages in channel test-bot
[17/11/2017 00:14] Remiccino(293041932542672896) deleted 2 messages in channel test-bot
[17/11/2017 00:29] Remiccino(293041932542672896) deleted 3 messages in channel test-bot
[17/11/2017 01:05] Remiccino(293041932542672896) deleted 2 messages in channel test-bot
[17/11/2017 01:07] Remiccino(293041932542672896) deleted 2 messages in channel test-bot
[17/11/2017 01:13] Remiccino(293041932542672896) deleted 4 messages in channel test-bot
[17/11/2017 01:27] Remiccino(293041932542672896) deleted 2 messages in channel test-bot
[17/11/2017 02:20] Remiccino(293041932542672896) deleted 3 messages in channel test-bot
[17/11/2017 02:20] Remiccino(293041932542672896) deleted 2 messages in channel test-bot
[17/11/2017 04:20] Remiccino(293041932542672896) deleted 3 messages in channel test-bot
[17/11/2017 04:23] Remiccino(293041932542672896) deleted 10 messages in channel test-bot
[17/11/2017 04:23] Remiccino(293041932542672896) deleted 1 messages in channel test-bot
[17/11/2017 04:24] Remiccino(293041932542672896) deleted 2 messages in channel test-bot
[17/11/2017 04:25] Remiccino(293041932542672896) deleted 2 messages in channel test-bot
[17/11/2017 04:29] Remiccino(293041932542672896) deleted 2 messages in channel test-bot
[17/11/2017 16:59] Remiccino(293041932542672896) deleted 4 messages in channel test-bot
[17/11/2017 17:21] Remiccino(293041932542672896) deleted 4 messages in channel test-bot
[17/11/2017 21:44] Remiccino(293041932542672896) deleted 3 messages in channel test-bot
[17/11/2017 23:30] Remiccino(293041932542672896) deleted 2 messages in channel chatbox
[13/04/2018 05:29] Remiccino(293041932542672896) deleted 20 messages in channel general
[13/04/2018 05:38] Remiccino(293041932542672896) deleted 2 messages in channel chatbox
[15/04/2018 01:50] Remiccino(293041932542672896) deleted 2 messages in channel chatbox
[15/04/2018 01:50] Remiccino(293041932542672896) deleted 2 messages in channel chatbox
[15/04/2018 03:06] Remiccino(293041932542672896) deleted 10 messages in channel general
[15/04/2018 03:06] Remiccino(293041932542672896) deleted 15 messages in channel general
[15/04/2018 03:06] Remiccino(293041932542672896) deleted 10 messages in channel general
[15/04/2018 03:16] Remiccino(293041932542672896) deleted 4 messages in channel general
[15/04/2018 03:22] Remiccino(293041932542672896) deleted 2 messages in channel general
[08/05/2018 22:34] Remiccino(293041932542672896) deleted 3 messages in channel chatbox
[09/05/2018 01:17] Remiccino(293041932542672896) deleted 4 messages in channel chatbox
[09/05/2018 01:34] Remiccino(293041932542672896) deleted 6 messages in channel chatbox
[09/05/2018 14:27] Remiccino(293041932542672896) deleted 3 messages in channel chatbox
[09/05/2018 15:25] Remiccino(293041932542672896) deleted 3 messages in channel chatbox
[09/05/2018 15:28] Remiccino(293041932542672896) deleted 4 messages in channel bot-abuse
[09/05/2018 19:34] Remiccino(293041932542672896) deleted 4 messages in channel bot-abuse
[09/05/2018 20:18] Remiccino(293041932542672896) deleted 21 messages  containing 'drama queen' in channel 378799663018672129
[25/05/2018 19:16] Milking Mil(391758777025560588) deleted 2 messages in channel gotta-catch-them-all
[25/05/2018 19:40] hellomelody(303854270057545729) deleted 26 messages  made by Pokécord(365975655608745985) in channel chatbox
[26/05/2018 02:24] Remiccino(293041932542672896) deleted 3 messages in channel chatbox
[26/05/2018 15:49] Remiccino(293041932542672896) deleted 1 messages in channel chatbox
[27/05/2018 14:59] Remiccino(293041932542672896) deleted 2 messages in channel chatbox
[27/05/2018 15:35] Remiccino(293041932542672896) deleted 10 messages in channel chatbox
[27/05/2018 15:35] Remiccino(293041932542672896) deleted 5 messages in channel chatbox
[27/05/2018 15:42] hellomelody(303854270057545729) deleted 73 messages  made by Kerocchi(309622066666274818) in channel chatbox
[27/05/2018 15:42] hellomelody(303854270057545729) deleted 42 messages  made by Pokécord(365975655608745985) in channel chatbox
[27/05/2018 15:42] hellomelody(303854270057545729) deleted 87 messages  containing ';' in channel 378799663018672129
[27/05/2018 15:43] hellomelody(303854270057545729) deleted 19 messages  containing 'p!' in channel 378799663018672129
[27/05/2018 17:08] Remiccino(293041932542672896) deleted 3 messages in channel chatbox
[27/05/2018 17:08] Remiccino(293041932542672896) deleted 2 messages in channel chatbox
[27/05/2018 18:00] hellomelody(303854270057545729) deleted 209 messages  made by Kerocchi(309622066666274818) in channel chatbox
[27/05/2018 20:50] Remiccino(293041932542672896) deleted 3 messages in channel chatbox
[27/05/2018 21:02] Remiccino(293041932542672896) deleted 2 messages in channel chatbox
[27/05/2018 21:03] Remiccino(293041932542672896) deleted 3 messages in channel chatbox
[27/05/2018 21:14] Remiccino(293041932542672896) deleted 1 messages in channel chatbox
[27/05/2018 22:47] Remiccino(293041932542672896) deleted 2 messages in channel chatbox
[28/05/2018 00:37] Lẩu lẩu(391758777025560588) deleted 20 messages in channel chatbox
[28/05/2018 01:26] Remiccino(293041932542672896) deleted 5 messages in channel chatbox
[28/05/2018 04:42] Remiccino(293041932542672896) deleted 2 messages in channel chatbox
[28/05/2018 12:22] Remiccino(293041932542672896) deleted 1 messages in channel chatbox
[28/05/2018 12:34] Remiccino(293041932542672896) deleted 3 messages in channel chatbox
[28/05/2018 13:16] Remiccino(293041932542672896) deleted 4 messages in channel chatbox
[28/05/2018 13:16] Remiccino(293041932542672896) deleted 3 messages in channel chatbox
[28/05/2018 21:22] Remiccino(293041932542672896) deleted 2 messages in channel chatbox
[30/05/2018 08:02] Remiccino(293041932542672896) deleted 7 messages in channel pokemon-collosseum
